<?xml version="1.0" encoding="UTF-8"?>
<testsuite name="com.example.plantmanager.domain.LibraryJsonTest" tests="12" skipped="0" failures="0" errors="0" timestamp="2026-09-19T20:39:11.039Z" hostname="NYMERIA" time="0.063">
  <properties/>
  <testcase name="invalidFrequencyIsRejected" classname="com.example.plantmanager.domain.LibraryJsonTest" time="0.032"/>
  <testcase name="nextIdNeverFallsBelowAnExistingId" classname="com.example.plantmanager.domain.LibraryJsonTest" time="0.002"/>
  <testcase name="optionalFieldsMayBeMissing" classname="com.example.plantmanager.domain.LibraryJsonTest" time="0.0"/>
  <testcase name="unknownFieldsAreIgnored" classname="com.example.plantmanager.domain.LibraryJsonTest" time="0.015"/>
  <testcase name="garbageIsRejected" classname="com.example.plantmanager.domain.LibraryJsonTest" time="0.001"/>
  <testcase name="encodedTextCarriesTheFormatVersion" classname="com.example.plantmanager.domain.LibraryJsonTest" time="0.006"/>
  <testcase name="roundTripKeepsEveryField" classname="com.example.plantmanager.domain.LibraryJsonTest" time="0.001"/>
  <testcase name="emptyLibraryRoundTrips" classname="com.example.plantmanager.domain.LibraryJsonTest" time="0.0"/>
  <testcase name="newerFormatVersionIsRejected" classname="com.example.plantmanager.domain.LibraryJsonTest" time="0.001"/>
  <testcase name="emptyTextIsRejected" classname="com.example.plantmanager.domain.LibraryJsonTest" time="0.0"/>
  <testcase name="duplicateIdsAreRejected" classname="com.example.plantmanager.domain.LibraryJsonTest" time="0.001"/>
  <testcase name="invalidDateIsRejected" classname="com.example.plantmanager.domain.LibraryJsonTest" time="0.0"/>
  <system-out><![CDATA[]]></system-out>
  <system-err><![CDATA[]]></system-err>
</testsuite>
