<?xml version="1.0" encoding="UTF-8"?>
<testsuite name="com.example.plantmanager.domain.PlantTest" tests="6" skipped="0" failures="0" errors="0" timestamp="2026-09-19T20:39:11.230Z" hostname="NYMERIA" time="0.001">
  <properties/>
  <testcase name="zeroFrequencyIsRejected" classname="com.example.plantmanager.domain.PlantTest" time="0.0"/>
  <testcase name="noFertilizingWithoutFrequency" classname="com.example.plantmanager.domain.PlantTest" time="0.0"/>
  <testcase name="nextWateringStartsFromLastWatering" classname="com.example.plantmanager.domain.PlantTest" time="0.0"/>
  <testcase name="fertilizingUsesItsOwnLastDate" classname="com.example.plantmanager.domain.PlantTest" time="0.001"/>
  <testcase name="blankNameIsRejected" classname="com.example.plantmanager.domain.PlantTest" time="0.0"/>
  <testcase name="nextWateringFallsBackOnAcquisitionDate" classname="com.example.plantmanager.domain.PlantTest" time="0.0"/>
  <system-out><![CDATA[]]></system-out>
  <system-err><![CDATA[]]></system-err>
</testsuite>
